<?xml version="1.0" encoding="UTF-8"?>
<!-- Generated by org.testng.reporters.JUnitReportReporter -->
<testsuite hostname="DESKTOP-QS76CGE" failures="0" tests="1" name="runner.Runner" time="91.448" errors="0" timestamp="2023-09-23T12:23:35 GMT" skipped="0">
  <testcase classname="runner.Runner" name="runScenario" time="91.448"/>
</testsuite> <!-- runner.Runner -->
