<?xml version="1.0" encoding="UTF-8"?>
<!-- Generated by org.testng.reporters.JUnitReportReporter -->
<testsuite hostname="DESKTOP-QS76CGE" failures="0" tests="2" name="tests.LoginTest" time="68.684" errors="0" timestamp="2023-09-16T11:05:54 GMT" skipped="0">
  <testcase classname="tests.LoginTest" name="login" time="34.080"/>
  <testcase classname="tests.LoginTest" name="login" time="34.604"/>
</testsuite> <!-- tests.LoginTest -->
